<?xml version="1.0" encoding="UTF-8"?>
<!-- Generated by org.testng.reporters.JUnitReportReporter -->
<testsuite hostname="PNVD013" failures="0" tests="6" name="selenium.webdriver1.Xpath" time="21.325" errors="0" timestamp="08 Jan 2022 03:37:51 GMT" skipped="0">
  <testcase classname="selenium.webdriver1.Xpath" name="TC_04_Register_Password_Less_Than_6_Chars" time="2.955"/>
  <testcase classname="selenium.webdriver1.Xpath" name="TC_01_Register_Empty_Data" time="5.841"/>
  <testcase classname="selenium.webdriver1.Xpath" name="TC_06_Register_Invalid_Phone" time="3.514"/>
  <testcase classname="selenium.webdriver1.Xpath" name="TC_05_Register_Incorrect_Password" time="3.036"/>
  <testcase classname="selenium.webdriver1.Xpath" name="TC_03_Register_Incorrect_Email" time="3.044"/>
  <testcase classname="selenium.webdriver1.Xpath" name="TC_02_Register_Invalid_Email" time="2.935"/>
</testsuite> <!-- selenium.webdriver1.Xpath -->
