<?xml version="1.0" encoding="UTF-8"?>
<!-- Generated by org.testng.reporters.JUnitReportReporter -->
<testsuite hostname="PNVD013" failures="0" tests="6" name="selenium.webdriver1.Assignment_02_Xpath" time="21.679" errors="0" timestamp="08 Jan 2022 03:41:58 GMT" skipped="0">
  <testcase classname="selenium.webdriver1.Assignment_02_Xpath" name="TC_04_Register_Password_Less_Than_6_Chars" time="3.113"/>
  <testcase classname="selenium.webdriver1.Assignment_02_Xpath" name="TC_01_Register_Empty_Data" time="6.140"/>
  <testcase classname="selenium.webdriver1.Assignment_02_Xpath" name="TC_06_Register_Invalid_Phone" time="3.663"/>
  <testcase classname="selenium.webdriver1.Assignment_02_Xpath" name="TC_05_Register_Incorrect_Password" time="2.887"/>
  <testcase classname="selenium.webdriver1.Assignment_02_Xpath" name="TC_03_Register_Incorrect_Email" time="2.952"/>
  <testcase classname="selenium.webdriver1.Assignment_02_Xpath" name="TC_02_Register_Invalid_Email" time="2.924"/>
</testsuite> <!-- selenium.webdriver1.Assignment_02_Xpath -->
